
> ott@1.0.0 start
> nodemon server.js

[33m[nodemon] 3.1.11[39m
[33m[nodemon] to restart at any time, enter `rs`[39m
[33m[nodemon] watching path(s): *.*[39m
[33m[nodemon] watching extensions: js,mjs,cjs,json[39m
[32m[nodemon] starting `node server.js`[39m
[dotenv@17.2.2] injecting env (7) from .env -- tip: 📡 observe env with Radar: https://dotenvx.com/radar
[dotenv@17.2.2] injecting env (0) from .env -- tip: ⚙️  enable debug logging with { debug: true }
[dotenv@17.2.2] injecting env (0) from .env -- tip: 🔐 encrypt with Dotenvx: https://dotenvx.com
(node:20637) [MONGODB DRIVER] Warning: useNewUrlParser is a deprecated option: useNewUrlParser has no effect since Node.js Driver version 4.0.0 and will be removed in the next major version
(Use `node --trace-warnings ...` to show where the warning was created)
(node:20637) [MONGODB DRIVER] Warning: useUnifiedTopology is a deprecated option: useUnifiedTopology has no effect since Node.js Driver version 4.0.0 and will be removed in the next major version

################################################
🚀 Server listening on port: 4555
🔗 Link: http://localhost:4555
################################################
  
(node:20637) NOTE: The AWS SDK for JavaScript (v2) is in maintenance mode.
 SDK releases are limited to address critical bug fixes and security issues only.

Please migrate your code to use AWS SDK for JavaScript (v3).
For more information, check the blog post at https://a.co/cUPnyil
✅ MongoDB Connected
Default company already exists
{"message":"3662666b4f526941436a3833","type":"success"}
2026-02-06T06:12:00.007Z - Job started
2026-02-06T06:12:00.189Z - Updated 0 MovieRent docs, 0 PurchaseSubscription docs
2026-02-06T06:12:00.189Z - Job finished
[31m[nodemon] app crashed - waiting for file changes before starting...[39m
